<?xml version="1.0" encoding="UTF-8"?>
<!-- Generated by org.testng.reporters.JUnitXMLReporter -->
<testsuite ignored="0" hostname="DESKTOP-VPQ9AKF" failures="0" tests="12" name="Default test" time="69.276" errors="0" timestamp="2023-05-21T21:07:48 EET">
  <testcase classname="Mytest" name="CheckForLanguage" time="0.125"/>
  <testcase classname="Mytest" name="CheckForCurrencey" time="0.072"/>
  <testcase classname="Mytest" name="CheckContactNumber" time="0.25"/>
  <testcase classname="Mytest" name="CheckQitafLogo" time="1.317"/>
  <testcase classname="Mytest" name="Hotel_Tap_NotSelected" time="0.114"/>
  <testcase classname="Mytest" name="DateOfDepature" time="0.077"/>
  <testcase classname="Mytest" name="DateOfReturn" time="0.049"/>
  <testcase classname="Mytest" name="TestForHotelSearch_DueLan" time="40.038"/>
  <testcase classname="Mytest" name="RandomVisitorNumber" time="0.269"/>
  <testcase classname="Mytest" name="HotelSearchButton" time="2.75"/>
  <testcase classname="Mytest" name="DoneSearching" time="14.953"/>
  <testcase classname="Mytest" name="Sorting_From_Low_High" time="6.301"/>
</testsuite> <!-- Default test -->
