<?xml version="1.0" encoding="UTF-8"?>
<testng-results ignored="0" total="12" passed="12" failed="0" skipped="0">
  <reporter-output>
  </reporter-output>
  <suite started-at="2023-05-21T21:06:39 EET" name="Default suite" finished-at="2023-05-21T21:07:48 EET" duration-ms="69276">
    <groups>
    </groups>
    <test started-at="2023-05-21T21:06:39 EET" name="Default test" finished-at="2023-05-21T21:07:48 EET" duration-ms="69276">
      <class name="Mytest">
        <test-method is-config="true" signature="MyBeforeTest()[pri:0, instance:Mytest@13047d7d]" started-at="2023-05-21T21:06:39 EET" name="MyBeforeTest" finished-at="2023-05-21T21:06:42 EET" duration-ms="2811" status="PASS">
          <reporter-output>
          </reporter-output>
        </test-method> <!-- MyBeforeTest -->
        <test-method signature="CheckForLanguage()[pri:1, instance:Mytest@13047d7d]" started-at="2023-05-21T21:06:42 EET" name="CheckForLanguage" description="test 1" finished-at="2023-05-21T21:06:42 EET" duration-ms="125" status="PASS">
          <reporter-output>
          </reporter-output>
        </test-method> <!-- CheckForLanguage -->
        <test-method signature="CheckForCurrencey()[pri:2, instance:Mytest@13047d7d]" started-at="2023-05-21T21:06:42 EET" name="CheckForCurrencey" description="test 2" finished-at="2023-05-21T21:06:42 EET" duration-ms="72" status="PASS">
          <reporter-output>
          </reporter-output>
        </test-method> <!-- CheckForCurrencey -->
        <test-method signature="CheckContactNumber()[pri:3, instance:Mytest@13047d7d]" started-at="2023-05-21T21:06:42 EET" name="CheckContactNumber" description="test 3" finished-at="2023-05-21T21:06:42 EET" duration-ms="250" status="PASS">
          <reporter-output>
          </reporter-output>
        </test-method> <!-- CheckContactNumber -->
        <test-method signature="CheckQitafLogo()[pri:4, instance:Mytest@13047d7d]" started-at="2023-05-21T21:06:42 EET" name="CheckQitafLogo" description="test 4" finished-at="2023-05-21T21:06:43 EET" duration-ms="1317" status="PASS">
          <reporter-output>
          </reporter-output>
        </test-method> <!-- CheckQitafLogo -->
        <test-method signature="Hotel_Tap_NotSelected()[pri:5, instance:Mytest@13047d7d]" started-at="2023-05-21T21:06:43 EET" name="Hotel_Tap_NotSelected" description="test 5" finished-at="2023-05-21T21:06:44 EET" duration-ms="114" status="PASS">
          <reporter-output>
          </reporter-output>
        </test-method> <!-- Hotel_Tap_NotSelected -->
        <test-method signature="DateOfDepature()[pri:6, instance:Mytest@13047d7d]" started-at="2023-05-21T21:06:44 EET" name="DateOfDepature" description="test 6" finished-at="2023-05-21T21:06:44 EET" duration-ms="77" status="PASS">
          <reporter-output>
          </reporter-output>
        </test-method> <!-- DateOfDepature -->
        <test-method signature="DateOfReturn()[pri:7, instance:Mytest@13047d7d]" started-at="2023-05-21T21:06:44 EET" name="DateOfReturn" description="test 7" finished-at="2023-05-21T21:06:44 EET" duration-ms="49" status="PASS">
          <reporter-output>
          </reporter-output>
        </test-method> <!-- DateOfReturn -->
        <test-method signature="TestForHotelSearch_DueLan()[pri:8, instance:Mytest@13047d7d]" started-at="2023-05-21T21:06:44 EET" name="TestForHotelSearch_DueLan" description="test 9" finished-at="2023-05-21T21:07:24 EET" duration-ms="40038" status="PASS">
          <reporter-output>
          </reporter-output>
        </test-method> <!-- TestForHotelSearch_DueLan -->
        <test-method signature="RandomVisitorNumber()[pri:9, instance:Mytest@13047d7d]" started-at="2023-05-21T21:07:24 EET" name="RandomVisitorNumber" description="test 10" finished-at="2023-05-21T21:07:24 EET" duration-ms="269" status="PASS">
          <reporter-output>
          </reporter-output>
        </test-method> <!-- RandomVisitorNumber -->
        <test-method signature="HotelSearchButton()[pri:10, instance:Mytest@13047d7d]" started-at="2023-05-21T21:07:24 EET" name="HotelSearchButton" description="test 11" finished-at="2023-05-21T21:07:27 EET" duration-ms="2750" status="PASS">
          <reporter-output>
          </reporter-output>
        </test-method> <!-- HotelSearchButton -->
        <test-method signature="DoneSearching()[pri:11, instance:Mytest@13047d7d]" started-at="2023-05-21T21:07:27 EET" name="DoneSearching" description="Test 12" finished-at="2023-05-21T21:07:42 EET" duration-ms="14953" status="PASS">
          <reporter-output>
          </reporter-output>
        </test-method> <!-- DoneSearching -->
        <test-method signature="Sorting_From_Low_High()[pri:12, instance:Mytest@13047d7d]" started-at="2023-05-21T21:07:42 EET" name="Sorting_From_Low_High" description="Test 13" finished-at="2023-05-21T21:07:48 EET" duration-ms="6301" status="PASS">
          <reporter-output>
          </reporter-output>
        </test-method> <!-- Sorting_From_Low_High -->
        <test-method is-config="true" signature="AfterrTest()[pri:0, instance:Mytest@13047d7d]" started-at="2023-05-21T21:07:48 EET" name="AfterrTest" finished-at="2023-05-21T21:07:48 EET" duration-ms="0" status="PASS">
          <reporter-output>
          </reporter-output>
        </test-method> <!-- AfterrTest -->
      </class> <!-- Mytest -->
    </test> <!-- Default test -->
  </suite> <!-- Default suite -->
</testng-results>
